<?xml version="1.0" encoding="UTF-8"?>
<testsuite failures="0" errors="0" skipped="1" tests="1" time="0.006069" name="Realizar request de autenticação">
<testcase classname="Realizar request de autenticação" name="Realizar autenticação" time="0.006069">
  <skipped/>
  <system-out>
    <![CDATA["\n--------------------------------------------------------------------------------------------------"
"Results:"
" - Scenario......: Realizar autenticação"
" - The results is: [ ❌ ]"
"--------------------------------------------------------------------------------------------------\n"
]]>
  </system-out>
  <system-err>
    <![CDATA[]]>
  </system-err>
</testcase>
</testsuite>
